src/index.ts(5,24): error TS2307: Cannot find module 'common' or its corresponding type declarations.
src/jobs/cleaner/index.ts(1,24): error TS2307: Cannot find module 'database' or its corresponding type declarations.
src/jobs/cryptocurrency/cosmos/atom.ts(1,24): error TS2307: Cannot find module 'common' or its corresponding type declarations.
src/jobs/cryptocurrency/cosmos/atom.ts(2,24): error TS2307: Cannot find module 'database' or its corresponding type declarations.
src/jobs/cryptocurrency/cosmos/osmosis.ts(1,24): error TS2307: Cannot find module 'database' or its corresponding type declarations.
src/jobs/cryptocurrency/ethereum/index.ts(1,24): error TS2307: Cannot find module 'common' or its corresponding type declarations.
src/jobs/cryptocurrency/ethereum/index.ts(2,24): error TS2307: Cannot find module 'database' or its corresponding type declarations.
src/jobs/cryptocurrency/harmony-one/index.ts(1,24): error TS2307: Cannot find module 'common' or its corresponding type declarations.
src/jobs/cryptocurrency/harmony-one/index.ts(2,24): error TS2307: Cannot find module 'database' or its corresponding type declarations.
src/jobs/history/assets.ts(1,66): error TS2307: Cannot find module 'common' or its corresponding type declarations.
src/jobs/history/assets.ts(20,40): error TS7006: Parameter 'asset' implicitly has an 'any' type.
src/jobs/history/getUserById.ts(1,24): error TS2307: Cannot find module 'database' or its corresponding type declarations.
src/jobs/history/index.ts(1,24): error TS2307: Cannot find module 'database' or its corresponding type declarations.
src/jobs/marketData/crypto/index.ts(7,24): error TS2307: Cannot find module 'common' or its corresponding type declarations.
src/jobs/marketData/crypto/index.ts(8,24): error TS2307: Cannot find module 'database' or its corresponding type declarations.
src/jobs/marketData/crypto/index.ts(87,17): error TS7006: Parameter 'err' implicitly has an 'any' type.
src/jobs/marketData/exchangeRates/index.ts(1,24): error TS2307: Cannot find module 'common' or its corresponding type declarations.
src/jobs/marketData/exchangeRates/index.ts(2,24): error TS2307: Cannot find module 'database' or its corresponding type declarations.
src/jobs/marketData/exchangeRates/index.ts(50,17): error TS7006: Parameter 'err' implicitly has an 'any' type.
src/jobs/swyftx/index.ts(1,24): error TS2307: Cannot find module 'common' or its corresponding type declarations.
src/jobs/swyftx/index.ts(2,24): error TS2307: Cannot find module 'database' or its corresponding type declarations.
src/jobs/swyftx/index.ts(172,8): error TS7006: Parameter 'child' implicitly has an 'any' type.
src/jobs/swyftx/index.ts(237,12): error TS7006: Parameter 'secrets' implicitly has an 'any' type.
src/jobs/swyftx/v2/swyftx.ts(1,24): error TS2307: Cannot find module 'common' or its corresponding type declarations.
src/jobs/swyftx/v2/swyftx.ts(2,24): error TS2307: Cannot find module 'database' or its corresponding type declarations.
src/jobs/swyftx/v2/swyftx.ts(148,10): error TS7006: Parameter 'child' implicitly has an 'any' type.
src/jobs/swyftx/v2/swyftx.ts(174,37): error TS7006: Parameter 'secret' implicitly has an 'any' type.
src/util/getExchangeRates.ts(1,33): error TS2307: Cannot find module 'common' or its corresponding type declarations.
src/util/getExchangeRates.ts(2,24): error TS2307: Cannot find module 'database' or its corresponding type declarations.
src/util/getExchangeRates.ts(18,34): error TS7031: Binding element 'price' implicitly has an 'any' type.
src/util/getUserCurrency.ts(1,24): error TS2307: Cannot find module 'database' or its corresponding type declarations.
src/util/progress.ts(1,24): error TS2307: Cannot find module 'common' or its corresponding type declarations.
